WARNING 2025-04-08 16:27:22,980 log 7544 15148 Bad Request: /api/users/login/
WARNING 2025-04-08 16:27:22,986 basehttp 7544 15148 "POST /api/users/login/ HTTP/1.1" 400 68
WARNING 2025-04-08 16:27:23,933 log 7544 18916 Bad Request: /api/users/login/
WARNING 2025-04-08 16:27:23,937 basehttp 7544 18916 "POST /api/users/login/ HTTP/1.1" 400 68
WARNING 2025-04-08 16:27:31,897 log 7544 15148 Bad Request: /api/users/login/
WARNING 2025-04-08 16:27:31,964 basehttp 7544 15148 "POST /api/users/login/ HTTP/1.1" 400 68
INFO 2025-04-08 16:33:30,124 basehttp 7544 1164 "POST /api/users/register/ HTTP/1.1" 200 120
WARNING 2025-04-08 16:33:40,466 log 7544 1164 Bad Request: /api/users/register/
WARNING 2025-04-08 16:33:40,466 basehttp 7544 1164 "POST /api/users/register/ HTTP/1.1" 400 58
INFO 2025-04-08 16:34:07,081 basehttp 7544 1164 "POST /api/users/login/ HTTP/1.1" 200 96
INFO 2025-04-08 16:34:10,158 basehttp 7544 1164 "POST /api/users/login/ HTTP/1.1" 200 96
INFO 2025-04-08 16:34:12,454 basehttp 7544 1164 "GET /api/songs/ HTTP/1.1" 200 107
INFO 2025-04-08 16:34:12,586 basehttp 7544 12040 "GET /api/songs/ HTTP/1.1" 200 107
INFO 2025-04-08 16:51:03,243 basehttp 7544 2744 "GET /api/songs/ HTTP/1.1" 200 107
INFO 2025-04-08 16:51:03,843 basehttp 7544 14428 "GET /api/songs/ HTTP/1.1" 200 107
INFO 2025-04-08 17:34:13,673 basehttp 7544 11500 "GET /api/songs/ HTTP/1.1" 200 107
INFO 2025-04-08 17:34:13,760 basehttp 7544 9244 "GET /api/songs/ HTTP/1.1" 200 107
INFO 2025-04-08 17:44:02,653 basehttp 7544 14956 "POST /api/users/login/ HTTP/1.1" 200 96
INFO 2025-04-08 17:44:03,731 basehttp 7544 16572 "GET /api/songs/ HTTP/1.1" 200 107
INFO 2025-04-08 17:44:03,738 basehttp 7544 14956 "GET /api/songs/ HTTP/1.1" 200 107
INFO 2025-04-08 17:50:31,553 basehttp 7544 8672 "GET /api/songs/ HTTP/1.1" 200 107
INFO 2025-04-08 17:50:31,553 basehttp 7544 15040 "GET /api/songs/ HTTP/1.1" 200 107
INFO 2025-04-08 17:52:33,416 basehttp 7544 16528 "GET /api/songs/ HTTP/1.1" 200 107
INFO 2025-04-08 17:52:33,454 basehttp 7544 15812 "GET /api/songs/ HTTP/1.1" 200 107
INFO 2025-04-08 17:52:58,967 basehttp 7544 16528 "GET /api/songs/ HTTP/1.1" 200 107
INFO 2025-04-08 17:52:59,026 basehttp 7544 15812 "GET /api/songs/ HTTP/1.1" 200 107
INFO 2025-04-08 17:53:34,691 basehttp 7544 16528 "GET /api/songs/ HTTP/1.1" 200 107
INFO 2025-04-08 17:53:34,759 basehttp 7544 15812 "GET /api/songs/ HTTP/1.1" 200 107
INFO 2025-04-08 17:54:01,418 basehttp 7544 16528 "GET /api/songs/ HTTP/1.1" 200 107
INFO 2025-04-08 17:54:01,508 basehttp 7544 15812 "GET /api/songs/ HTTP/1.1" 200 107
